<?xml version="1.0" encoding="UTF-8"?>
<!-- Generated by org.testng.reporters.JUnitReportReporter -->
<testsuite hostname="DESKTOP-L4GTJAO" failures="0" tests="1" name="test" time="4.982" errors="0" timestamp="15 Apr 2023 18:18:24 GMT" skipped="0">
  <testcase classname="test" name="cc" time="4.982"/>
</testsuite> <!-- test -->
