<?xml version="1.0" encoding="UTF-8"?>
<!-- Generated by org.testng.reporters.JUnitReportReporter -->
<testsuite hostname="DESKTOP-L4GTJAO" failures="0" tests="1" name="test" time="5.337" errors="0" timestamp="30 Apr 2023 12:53:57 GMT" skipped="0">
  <testcase classname="test" name="cc" time="5.337"/>
</testsuite> <!-- test -->
