<?xml version="1.0" encoding="UTF-8"?>
<!-- Generated by org.testng.reporters.JUnitReportReporter -->
<testsuite hostname="DESKTOP-L4GTJAO" failures="0" tests="1" name="testofAA" time="6.308" errors="0" timestamp="15 Apr 2023 17:53:32 GMT" skipped="0">
  <testcase classname="testofAA" name="cc" time="6.308"/>
</testsuite> <!-- testofAA -->
